<?xml version="1.0" encoding="UTF-8"?>
<testng-results skipped="0" failed="0" total="12" passed="12">
  <reporter-output>
  </reporter-output>
  <suite name="BajajFinserv" duration-ms="194089" started-at="2019-05-30T05:56:56Z" finished-at="2019-05-30T06:00:10Z">
    <groups>
    </groups>
    <test name="POC_Test_Cases" duration-ms="194089" started-at="2019-05-30T05:56:56Z" finished-at="2019-05-30T06:00:10Z">
      <class name="com.datamato.tests.WelcomePageTest">
        <test-method status="PASS" signature="setup()[pri:0, instance:com.datamato.tests.WelcomePageTest@2d6e8792]" name="setup" is-config="true" duration-ms="7439" started-at="2019-05-30T11:26:48Z" finished-at="2019-05-30T11:26:56Z">
          <reporter-output>
          </reporter-output>
        </test-method> <!-- setup -->
        <test-method status="PASS" signature="beforeMethod(java.lang.reflect.Method)[pri:0, instance:com.datamato.tests.WelcomePageTest@2d6e8792]" name="beforeMethod" is-config="true" duration-ms="1" started-at="2019-05-30T11:26:56Z" finished-at="2019-05-30T11:26:56Z">
          <params>
            <param index="0">
              <value>
                <![CDATA[public void com.datamato.tests.WelcomePageTest.welcomePageLoad() throws java.lang.InterruptedException,java.net.MalformedURLException]]>
              </value>
            </param>
          </params>
          <reporter-output>
          </reporter-output>
        </test-method> <!-- beforeMethod -->
        <test-method status="PASS" signature="welcomePageLoad()[pri:0, instance:com.datamato.tests.WelcomePageTest@2d6e8792]" name="welcomePageLoad" duration-ms="2835" started-at="2019-05-30T11:26:56Z" finished-at="2019-05-30T11:26:59Z">
          <reporter-output>
          </reporter-output>
        </test-method> <!-- welcomePageLoad -->
        <test-method status="PASS" signature="afterMethod(java.lang.reflect.Method)[pri:0, instance:com.datamato.tests.WelcomePageTest@2d6e8792]" name="afterMethod" is-config="true" duration-ms="1" started-at="2019-05-30T11:26:59Z" finished-at="2019-05-30T11:26:59Z">
          <params>
            <param index="0">
              <value>
                <![CDATA[public void com.datamato.tests.WelcomePageTest.welcomePageLoad() throws java.lang.InterruptedException,java.net.MalformedURLException]]>
              </value>
            </param>
          </params>
          <reporter-output>
          </reporter-output>
        </test-method> <!-- afterMethod -->
        <test-method status="PASS" signature="beforeMethod(java.lang.reflect.Method)[pri:0, instance:com.datamato.tests.WelcomePageTest@2d6e8792]" name="beforeMethod" is-config="true" duration-ms="0" started-at="2019-05-30T11:26:59Z" finished-at="2019-05-30T11:26:59Z">
          <params>
            <param index="0">
              <value>
                <![CDATA[public void com.datamato.tests.WelcomePageTest.selectExistingCustomer() throws java.lang.InterruptedException,java.net.MalformedURLException]]>
              </value>
            </param>
          </params>
          <reporter-output>
          </reporter-output>
        </test-method> <!-- beforeMethod -->
        <test-method status="PASS" signature="selectExistingCustomer()[pri:0, instance:com.datamato.tests.WelcomePageTest@2d6e8792]" name="selectExistingCustomer" duration-ms="4342" started-at="2019-05-30T11:26:59Z" depends-on-methods="com.datamato.tests.WelcomePageTest.welcomePageLoad" finished-at="2019-05-30T11:27:03Z">
          <reporter-output>
          </reporter-output>
        </test-method> <!-- selectExistingCustomer -->
        <test-method status="PASS" signature="afterMethod(java.lang.reflect.Method)[pri:0, instance:com.datamato.tests.WelcomePageTest@2d6e8792]" name="afterMethod" is-config="true" duration-ms="0" started-at="2019-05-30T11:27:03Z" finished-at="2019-05-30T11:27:03Z">
          <params>
            <param index="0">
              <value>
                <![CDATA[public void com.datamato.tests.WelcomePageTest.selectExistingCustomer() throws java.lang.InterruptedException,java.net.MalformedURLException]]>
              </value>
            </param>
          </params>
          <reporter-output>
          </reporter-output>
        </test-method> <!-- afterMethod -->
        <test-method status="PASS" signature="tearDown()[pri:0, instance:com.datamato.tests.WelcomePageTest@2d6e8792]" name="tearDown" is-config="true" duration-ms="5432" started-at="2019-05-30T11:30:10Z" finished-at="2019-05-30T11:30:15Z">
          <reporter-output>
          </reporter-output>
        </test-method> <!-- tearDown -->
      </class> <!-- com.datamato.tests.WelcomePageTest -->
      <class name="com.datamato.tests.PocketInsuranceTest">
        <test-method status="PASS" signature="scrollToPocketInsuranceAndClickOnSeeDetailsButton()[pri:0, instance:com.datamato.tests.PocketInsuranceTest@506e6d5e]" name="scrollToPocketInsuranceAndClickOnSeeDetailsButton" duration-ms="17451" started-at="2019-05-30T11:29:39Z" finished-at="2019-05-30T11:29:56Z">
          <reporter-output>
          </reporter-output>
        </test-method> <!-- scrollToPocketInsuranceAndClickOnSeeDetailsButton -->
        <test-method status="PASS" signature="pocketInsuranceClickTravel()[pri:1, instance:com.datamato.tests.PocketInsuranceTest@506e6d5e]" name="pocketInsuranceClickTravel" duration-ms="2073" started-at="2019-05-30T11:29:56Z" depends-on-methods="com.datamato.tests.PocketInsuranceTest.scrollToPocketInsuranceAndClickOnSeeDetailsButton" finished-at="2019-05-30T11:29:58Z">
          <reporter-output>
          </reporter-output>
        </test-method> <!-- pocketInsuranceClickTravel -->
        <test-method status="PASS" signature="pocketInsuranceTravelBrochure()[pri:2, instance:com.datamato.tests.PocketInsuranceTest@506e6d5e]" name="pocketInsuranceTravelBrochure" duration-ms="2597" started-at="2019-05-30T11:29:58Z" depends-on-methods="com.datamato.tests.PocketInsuranceTest.pocketInsuranceClickTravel" finished-at="2019-05-30T11:30:01Z">
          <reporter-output>
          </reporter-output>
        </test-method> <!-- pocketInsuranceTravelBrochure -->
        <test-method status="PASS" signature="pocketInsuranceTravelKnowMore()[pri:3, instance:com.datamato.tests.PocketInsuranceTest@506e6d5e]" name="pocketInsuranceTravelKnowMore" duration-ms="4612" started-at="2019-05-30T11:30:01Z" depends-on-methods="com.datamato.tests.PocketInsuranceTest.pocketInsuranceClickTravel" finished-at="2019-05-30T11:30:06Z">
          <reporter-output>
          </reporter-output>
        </test-method> <!-- pocketInsuranceTravelKnowMore -->
        <test-method status="PASS" signature="pocketInsuranceTravelApplyNow()[pri:4, instance:com.datamato.tests.PocketInsuranceTest@506e6d5e]" name="pocketInsuranceTravelApplyNow" duration-ms="4260" started-at="2019-05-30T11:30:06Z" depends-on-methods="com.datamato.tests.PocketInsuranceTest.pocketInsuranceClickTravel" finished-at="2019-05-30T11:30:10Z">
          <reporter-output>
          </reporter-output>
        </test-method> <!-- pocketInsuranceTravelApplyNow -->
      </class> <!-- com.datamato.tests.PocketInsuranceTest -->
      <class name="com.datamato.tests.LoginToExistingCustomerTest">
        <test-method status="PASS" signature="loginToExisitngCustomer()[pri:0, instance:com.datamato.tests.LoginToExistingCustomerTest@2812cbfa]" name="loginToExisitngCustomer" duration-ms="7073" started-at="2019-05-30T11:27:03Z" finished-at="2019-05-30T11:27:10Z">
          <reporter-output>
          </reporter-output>
        </test-method> <!-- loginToExisitngCustomer -->
      </class> <!-- com.datamato.tests.LoginToExistingCustomerTest -->
      <class name="com.datamato.tests.PersonalLoanTest">
        <test-method status="PASS" signature="openRecommendedOffersPage()[pri:0, instance:com.datamato.tests.PersonalLoanTest@2acf57e3]" name="openRecommendedOffersPage" duration-ms="2345" started-at="2019-05-30T11:27:10Z" finished-at="2019-05-30T11:27:12Z">
          <reporter-output>
          </reporter-output>
        </test-method> <!-- openRecommendedOffersPage -->
        <test-method status="PASS" signature="personalLoanCalculator()[pri:1, instance:com.datamato.tests.PersonalLoanTest@2acf57e3]" name="personalLoanCalculator" duration-ms="6214" started-at="2019-05-30T11:27:12Z" depends-on-methods="com.datamato.tests.PersonalLoanTest.openRecommendedOffersPage" finished-at="2019-05-30T11:27:19Z">
          <reporter-output>
          </reporter-output>
        </test-method> <!-- personalLoanCalculator -->
        <test-method status="PASS" signature="PersonalLoanApplyNow()[pri:2, instance:com.datamato.tests.PersonalLoanTest@2acf57e3]" name="PersonalLoanApplyNow" duration-ms="5483" started-at="2019-05-30T11:27:19Z" depends-on-methods="com.datamato.tests.PersonalLoanTest.openRecommendedOffersPage" finished-at="2019-05-30T11:27:24Z">
          <reporter-output>
          </reporter-output>
        </test-method> <!-- PersonalLoanApplyNow -->
        <test-method status="PASS" signature="personalLoanSeeDetails()[pri:2, instance:com.datamato.tests.PersonalLoanTest@2acf57e3]" name="personalLoanSeeDetails" duration-ms="134781" started-at="2019-05-30T11:27:24Z" depends-on-methods="com.datamato.tests.PersonalLoanTest.openRecommendedOffersPage" finished-at="2019-05-30T11:29:39Z">
          <reporter-output>
          </reporter-output>
        </test-method> <!-- personalLoanSeeDetails -->
      </class> <!-- com.datamato.tests.PersonalLoanTest -->
    </test> <!-- POC_Test_Cases -->
  </suite> <!-- BajajFinserv -->
</testng-results>
