<?xml version="1.0" encoding="UTF-8"?>
<!-- Generated by org.testng.reporters.JUnitXMLReporter -->
<testsuite hostname="DD41-PC" name="POC_Test_Cases" tests="12" failures="0" timestamp="30 May 2019 16:21:13 GMT" time="202.459" errors="0">
  <testcase name="welcomePageLoad" time="3.492" classname="com.datamato.tests.WelcomePageTest"/>
  <testcase name="selectExistingCustomer" time="5.52" classname="com.datamato.tests.WelcomePageTest"/>
  <testcase name="loginToExisitngCustomer" time="7.988" classname="com.datamato.tests.LoginToExistingCustomerTest"/>
  <testcase name="openRecommendedOffersPage" time="2.259" classname="com.datamato.tests.PersonalLoanTest"/>
  <testcase name="personalLoanCalculator" time="6.67" classname="com.datamato.tests.PersonalLoanTest"/>
  <testcase name="PersonalLoanApplyNow" time="6.182" classname="com.datamato.tests.PersonalLoanTest"/>
  <testcase name="personalLoanSeeDetails" time="6.016" classname="com.datamato.tests.PersonalLoanTest"/>
  <testcase name="scrollToPocketInsuranceAndClickOnSeeDetailsButton" time="19.72" classname="com.datamato.tests.PocketInsuranceTest"/>
  <testcase name="pocketInsuranceClickTravel" time="2.236" classname="com.datamato.tests.PocketInsuranceTest"/>
  <testcase name="pocketInsuranceTravelBrochure" time="2.794" classname="com.datamato.tests.PocketInsuranceTest"/>
  <testcase name="pocketInsuranceTravelKnowMore" time="5.012" classname="com.datamato.tests.PocketInsuranceTest"/>
  <testcase name="pocketInsuranceTravelApplyNow" time="134.54" classname="com.datamato.tests.PocketInsuranceTest"/>
</testsuite> <!-- POC_Test_Cases -->
