<?xml version="1.0" encoding="UTF-8"?>
<!-- Generated by org.testng.reporters.JUnitXMLReporter -->
<testsuite hostname="DD41-PC" name="POC_Test_Cases" tests="12" failures="0" timestamp="30 May 2019 06:00:10 GMT" time="194.089" errors="0">
  <testcase name="welcomePageLoad" time="2.835" classname="com.datamato.tests.WelcomePageTest"/>
  <testcase name="selectExistingCustomer" time="4.342" classname="com.datamato.tests.WelcomePageTest"/>
  <testcase name="loginToExisitngCustomer" time="7.073" classname="com.datamato.tests.LoginToExistingCustomerTest"/>
  <testcase name="openRecommendedOffersPage" time="2.345" classname="com.datamato.tests.PersonalLoanTest"/>
  <testcase name="personalLoanCalculator" time="6.214" classname="com.datamato.tests.PersonalLoanTest"/>
  <testcase name="PersonalLoanApplyNow" time="5.483" classname="com.datamato.tests.PersonalLoanTest"/>
  <testcase name="personalLoanSeeDetails" time="134.781" classname="com.datamato.tests.PersonalLoanTest"/>
  <testcase name="scrollToPocketInsuranceAndClickOnSeeDetailsButton" time="17.451" classname="com.datamato.tests.PocketInsuranceTest"/>
  <testcase name="pocketInsuranceClickTravel" time="2.073" classname="com.datamato.tests.PocketInsuranceTest"/>
  <testcase name="pocketInsuranceTravelBrochure" time="2.597" classname="com.datamato.tests.PocketInsuranceTest"/>
  <testcase name="pocketInsuranceTravelKnowMore" time="4.612" classname="com.datamato.tests.PocketInsuranceTest"/>
  <testcase name="pocketInsuranceTravelApplyNow" time="4.26" classname="com.datamato.tests.PocketInsuranceTest"/>
</testsuite> <!-- POC_Test_Cases -->
