<?xml version="1.0" encoding="UTF-8"?>
<!-- Generated by org.testng.reporters.JUnitXMLReporter -->
<testsuite hostname="DD41-PC" name="Test1" tests="12" failures="0" timestamp="30 May 2019 05:50:39 GMT" time="66.252" errors="0">
  <testcase name="welcomePageLoad" time="4.169" classname="com.datamato.tests.WelcomePageTest"/>
  <testcase name="selectExistingCustomer" time="4.858" classname="com.datamato.tests.WelcomePageTest"/>
  <testcase name="loginToExisitngCustomer" time="7.107" classname="com.datamato.tests.LoginToExistingCustomerTest"/>
  <testcase name="openRecommendedOffersPage" time="2.805" classname="com.datamato.tests.PersonalLoanTest"/>
  <testcase name="personalLoanCalculator" time="4.829" classname="com.datamato.tests.PersonalLoanTest"/>
  <testcase name="PersonalLoanApplyNow" time="5.749" classname="com.datamato.tests.PersonalLoanTest"/>
  <testcase name="personalLoanSeeDetails" time="4.948" classname="com.datamato.tests.PersonalLoanTest"/>
  <testcase name="scrollToPocketInsuranceAndClickOnSeeDetailsButton" time="17.68" classname="com.datamato.tests.PocketInsuranceTest"/>
  <testcase name="pocketInsuranceClickTravel" time="2.546" classname="com.datamato.tests.PocketInsuranceTest"/>
  <testcase name="pocketInsuranceTravelBrochure" time="2.642" classname="com.datamato.tests.PocketInsuranceTest"/>
  <testcase name="pocketInsuranceTravelKnowMore" time="4.282" classname="com.datamato.tests.PocketInsuranceTest"/>
  <testcase name="pocketInsuranceTravelApplyNow" time="4.604" classname="com.datamato.tests.PocketInsuranceTest"/>
</testsuite> <!-- Test1 -->
