<?xml version="1.0" encoding="UTF-8"?>
<!-- Generated by org.testng.reporters.JUnitXMLReporter -->
<testsuite hostname="DD41-PC" name="Test1" tests="12" failures="0" timestamp="29 May 2019 14:37:33 GMT" time="60.146" errors="0">
  <testcase name="welcomePageLoad" time="2.209" classname="com.datamato.tests.WelcomePageTest"/>
  <testcase name="selectExistingCustomer" time="4.527" classname="com.datamato.tests.WelcomePageTest"/>
  <testcase name="loginToExisitngCustomer" time="7.867" classname="com.datamato.tests.LoginToExistingCustomerTest"/>
  <testcase name="openRecommendedOffersPage" time="1.937" classname="com.datamato.tests.PersonalLoanTest"/>
  <testcase name="personalLoanCalculator" time="5.853" classname="com.datamato.tests.PersonalLoanTest"/>
  <testcase name="PersonalLoanApplyNow" time="4.698" classname="com.datamato.tests.PersonalLoanTest"/>
  <testcase name="personalLoanSeeDetails" time="4.164" classname="com.datamato.tests.PersonalLoanTest"/>
  <testcase name="scrollToPocketInsuranceAndClickOnSeeDetailsButton" time="16.502" classname="com.datamato.tests.PocketInsuranceTest"/>
  <testcase name="pocketInsuranceClickTravel" time="1.876" classname="com.datamato.tests.PocketInsuranceTest"/>
  <testcase name="pocketInsuranceTravelBrochure" time="2.615" classname="com.datamato.tests.PocketInsuranceTest"/>
  <testcase name="pocketInsuranceTravelKnowMore" time="3.638" classname="com.datamato.tests.PocketInsuranceTest"/>
  <testcase name="pocketInsuranceTravelApplyNow" time="4.23" classname="com.datamato.tests.PocketInsuranceTest"/>
</testsuite> <!-- Test1 -->
