<?xml version="1.0" encoding="UTF-8"?>
<!-- Generated by org.testng.reporters.JUnitXMLReporter -->
<testsuite hostname="DD41-PC" name="Test1" tests="3" failures="0" timestamp="29 May 2019 11:50:51 GMT" time="22.783" errors="0">
  <testcase name="welcomePageLoad" time="2.858" classname="com.datamato.tests.WelcomePageTest"/>
  <testcase name="selectExistingCustomer" time="4.377" classname="com.datamato.tests.WelcomePageTest"/>
  <testcase name="loginToExisitngCustomer" time="3.408" classname="com.datamato.tests.LoginToExistingCustomerTest"/>
</testsuite> <!-- Test1 -->
